<?xml version="1.0" encoding="UTF-8"?>
<testsuite name="eu.pm.tools.log4j.Log4jUtilityControllerTest" time="0.212" tests="3" errors="0" skipped="0" failures="0">
  <properties>
[...]
</properties>
  <testcase name="log4jFindClass" classname="eu.pm.tools.log4j.Log4jUtilityControllerTest" time="0.155"/>
  <testcase name="log4jChange" classname="eu.pm.tools.log4j.Log4jUtilityControllerTest" time="0.008"/>
  <testcase name="setPriority" classname="eu.pm.tools.log4j.Log4jUtilityControllerTest" time="0.049"/>
</testsuite>